{"/Users/jeffreyericson/Documents/Code/polyline/src/polyline.js": {"path":"/Users/jeffreyericson/Documents/Code/polyline/src/polyline.js","statementMap":{"0":{"start":{"line":12,"column":15},"end":{"line":12,"column":17}},"1":{"start":{"line":16,"column":4},"end":{"line":16,"column":69}},"2":{"start":{"line":20,"column":4},"end":{"line":20,"column":42}},"3":{"start":{"line":21,"column":4},"end":{"line":21,"column":44}},"4":{"start":{"line":22,"column":21},"end":{"line":22,"column":39}},"5":{"start":{"line":23,"column":4},"end":{"line":23,"column":21}},"6":{"start":{"line":24,"column":4},"end":{"line":26,"column":5}},"7":{"start":{"line":25,"column":8},"end":{"line":25,"column":33}},"8":{"start":{"line":27,"column":17},"end":{"line":27,"column":19}},"9":{"start":{"line":28,"column":4},"end":{"line":31,"column":5}},"10":{"start":{"line":29,"column":8},"end":{"line":29,"column":73}},"11":{"start":{"line":30,"column":8},"end":{"line":30,"column":25}},"12":{"start":{"line":32,"column":4},"end":{"line":32,"column":51}},"13":{"start":{"line":33,"column":4},"end":{"line":33,"column":18}},"14":{"start":{"line":47,"column":0},"end":{"line":94,"column":2}},"15":{"start":{"line":48,"column":16},"end":{"line":48,"column":17}},"16":{"start":{"line":49,"column":14},"end":{"line":49,"column":15}},"17":{"start":{"line":50,"column":14},"end":{"line":50,"column":15}},"18":{"start":{"line":51,"column":22},"end":{"line":51,"column":24}},"19":{"start":{"line":52,"column":16},"end":{"line":52,"column":17}},"20":{"start":{"line":53,"column":17},"end":{"line":53,"column":18}},"21":{"start":{"line":54,"column":15},"end":{"line":54,"column":19}},"22":{"start":{"line":57,"column":17},"end":{"line":57,"column":74}},"23":{"start":{"line":62,"column":4},"end":{"line":91,"column":5}},"24":{"start":{"line":65,"column":8},"end":{"line":65,"column":20}},"25":{"start":{"line":66,"column":8},"end":{"line":66,"column":18}},"26":{"start":{"line":67,"column":8},"end":{"line":67,"column":19}},"27":{"start":{"line":69,"column":8},"end":{"line":73,"column":31}},"28":{"start":{"line":70,"column":12},"end":{"line":70,"column":48}},"29":{"start":{"line":71,"column":12},"end":{"line":71,"column":45}},"30":{"start":{"line":72,"column":12},"end":{"line":72,"column":23}},"31":{"start":{"line":75,"column":8},"end":{"line":75,"column":74}},"32":{"start":{"line":77,"column":8},"end":{"line":77,"column":27}},"33":{"start":{"line":79,"column":8},"end":{"line":83,"column":31}},"34":{"start":{"line":80,"column":12},"end":{"line":80,"column":48}},"35":{"start":{"line":81,"column":12},"end":{"line":81,"column":45}},"36":{"start":{"line":82,"column":12},"end":{"line":82,"column":23}},"37":{"start":{"line":85,"column":8},"end":{"line":85,"column":75}},"38":{"start":{"line":87,"column":8},"end":{"line":87,"column":31}},"39":{"start":{"line":88,"column":8},"end":{"line":88,"column":32}},"40":{"start":{"line":90,"column":8},"end":{"line":90,"column":55}},"41":{"start":{"line":93,"column":4},"end":{"line":93,"column":23}},"42":{"start":{"line":103,"column":0},"end":{"line":116,"column":2}},"43":{"start":{"line":104,"column":4},"end":{"line":104,"column":43}},"44":{"start":{"line":104,"column":31},"end":{"line":104,"column":41}},"45":{"start":{"line":106,"column":17},"end":{"line":106,"column":74}},"46":{"start":{"line":107,"column":17},"end":{"line":107,"column":92}},"47":{"start":{"line":109,"column":4},"end":{"line":113,"column":5}},"48":{"start":{"line":109,"column":17},"end":{"line":109,"column":18}},"49":{"start":{"line":110,"column":16},"end":{"line":110,"column":30}},"50":{"start":{"line":110,"column":36},"end":{"line":110,"column":54}},"51":{"start":{"line":111,"column":8},"end":{"line":111,"column":45}},"52":{"start":{"line":112,"column":8},"end":{"line":112,"column":45}},"53":{"start":{"line":115,"column":4},"end":{"line":115,"column":18}},"54":{"start":{"line":119,"column":18},"end":{"line":119,"column":20}},"55":{"start":{"line":120,"column":4},"end":{"line":123,"column":5}},"56":{"start":{"line":120,"column":17},"end":{"line":120,"column":18}},"57":{"start":{"line":121,"column":20},"end":{"line":121,"column":37}},"58":{"start":{"line":122,"column":8},"end":{"line":122,"column":43}},"59":{"start":{"line":124,"column":4},"end":{"line":124,"column":19}},"60":{"start":{"line":134,"column":0},"end":{"line":142,"column":2}},"61":{"start":{"line":135,"column":4},"end":{"line":137,"column":5}},"62":{"start":{"line":136,"column":8},"end":{"line":136,"column":35}},"63":{"start":{"line":138,"column":4},"end":{"line":140,"column":5}},"64":{"start":{"line":139,"column":8},"end":{"line":139,"column":62}},"65":{"start":{"line":141,"column":4},"end":{"line":141,"column":68}},"66":{"start":{"line":151,"column":0},"end":{"line":157,"column":2}},"67":{"start":{"line":152,"column":17},"end":{"line":152,"column":48}},"68":{"start":{"line":153,"column":4},"end":{"line":156,"column":6}},"69":{"start":{"line":159,"column":0},"end":{"line":161,"column":1}},"70":{"start":{"line":160,"column":4},"end":{"line":160,"column":30}}},"fnMap":{"0":{"name":"py2_round","decl":{"start":{"line":14,"column":9},"end":{"line":14,"column":18}},"loc":{"start":{"line":14,"column":26},"end":{"line":17,"column":1}},"line":14},"1":{"name":"encode","decl":{"start":{"line":19,"column":9},"end":{"line":19,"column":15}},"loc":{"start":{"line":19,"column":43},"end":{"line":34,"column":1}},"line":19},"2":{"name":"(anonymous_2)","decl":{"start":{"line":47,"column":18},"end":{"line":47,"column":19}},"loc":{"start":{"line":47,"column":43},"end":{"line":94,"column":1}},"line":47},"3":{"name":"(anonymous_3)","decl":{"start":{"line":103,"column":18},"end":{"line":103,"column":19}},"loc":{"start":{"line":103,"column":51},"end":{"line":116,"column":1}},"line":103},"4":{"name":"flipped","decl":{"start":{"line":118,"column":9},"end":{"line":118,"column":16}},"loc":{"start":{"line":118,"column":25},"end":{"line":125,"column":1}},"line":118},"5":{"name":"(anonymous_5)","decl":{"start":{"line":134,"column":23},"end":{"line":134,"column":24}},"loc":{"start":{"line":134,"column":52},"end":{"line":142,"column":1}},"line":134},"6":{"name":"(anonymous_6)","decl":{"start":{"line":151,"column":21},"end":{"line":151,"column":22}},"loc":{"start":{"line":151,"column":46},"end":{"line":157,"column":1}},"line":151}},"branchMap":{"0":{"loc":{"start":{"line":16,"column":48},"end":{"line":16,"column":67}},"type":"cond-expr","locations":[{"start":{"line":16,"column":61},"end":{"line":16,"column":62}},{"start":{"line":16,"column":65},"end":{"line":16,"column":67}}],"line":16},"1":{"loc":{"start":{"line":24,"column":4},"end":{"line":26,"column":5}},"type":"if","locations":[{"start":{"line":24,"column":4},"end":{"line":26,"column":5}},{"start":{"line":24,"column":4},"end":{"line":26,"column":5}}],"line":24},"2":{"loc":{"start":{"line":57,"column":30},"end":{"line":57,"column":73}},"type":"cond-expr","locations":[{"start":{"line":57,"column":60},"end":{"line":57,"column":69}},{"start":{"line":57,"column":72},"end":{"line":57,"column":73}}],"line":57},"3":{"loc":{"start":{"line":75,"column":27},"end":{"line":75,"column":72}},"type":"cond-expr","locations":[{"start":{"line":75,"column":42},"end":{"line":75,"column":56}},{"start":{"line":75,"column":60},"end":{"line":75,"column":71}}],"line":75},"4":{"loc":{"start":{"line":85,"column":28},"end":{"line":85,"column":73}},"type":"cond-expr","locations":[{"start":{"line":85,"column":43},"end":{"line":85,"column":57}},{"start":{"line":85,"column":61},"end":{"line":85,"column":72}}],"line":85},"5":{"loc":{"start":{"line":104,"column":4},"end":{"line":104,"column":43}},"type":"if","locations":[{"start":{"line":104,"column":4},"end":{"line":104,"column":43}},{"start":{"line":104,"column":4},"end":{"line":104,"column":43}}],"line":104},"6":{"loc":{"start":{"line":106,"column":30},"end":{"line":106,"column":73}},"type":"cond-expr","locations":[{"start":{"line":106,"column":60},"end":{"line":106,"column":69}},{"start":{"line":106,"column":72},"end":{"line":106,"column":73}}],"line":106},"7":{"loc":{"start":{"line":135,"column":4},"end":{"line":137,"column":5}},"type":"if","locations":[{"start":{"line":135,"column":4},"end":{"line":137,"column":5}},{"start":{"line":135,"column":4},"end":{"line":137,"column":5}}],"line":135},"8":{"loc":{"start":{"line":135,"column":8},"end":{"line":135,"column":45}},"type":"binary-expr","locations":[{"start":{"line":135,"column":8},"end":{"line":135,"column":15}},{"start":{"line":135,"column":19},"end":{"line":135,"column":45}}],"line":135},"9":{"loc":{"start":{"line":138,"column":4},"end":{"line":140,"column":5}},"type":"if","locations":[{"start":{"line":138,"column":4},"end":{"line":140,"column":5}},{"start":{"line":138,"column":4},"end":{"line":140,"column":5}}],"line":138},"10":{"loc":{"start":{"line":138,"column":8},"end":{"line":138,"column":49}},"type":"binary-expr","locations":[{"start":{"line":138,"column":8},"end":{"line":138,"column":16}},{"start":{"line":138,"column":20},"end":{"line":138,"column":49}}],"line":138},"11":{"loc":{"start":{"line":159,"column":0},"end":{"line":161,"column":1}},"type":"if","locations":[{"start":{"line":159,"column":0},"end":{"line":161,"column":1}},{"start":{"line":159,"column":0},"end":{"line":161,"column":1}}],"line":159},"12":{"loc":{"start":{"line":159,"column":4},"end":{"line":159,"column":48}},"type":"binary-expr","locations":[{"start":{"line":159,"column":4},"end":{"line":159,"column":30}},{"start":{"line":159,"column":34},"end":{"line":159,"column":48}}],"line":159}},"s":{"0":1,"1":120,"2":60,"3":60,"4":60,"5":60,"6":60,"7":28,"8":60,"9":60,"10":138,"11":138,"12":60,"13":60,"14":1,"15":8,"16":8,"17":8,"18":8,"19":8,"20":8,"21":8,"22":8,"23":8,"24":19,"25":19,"26":19,"27":19,"28":61,"29":61,"30":61,"31":19,"32":19,"33":19,"34":63,"35":63,"36":63,"37":19,"38":19,"39":19,"40":19,"41":8,"42":1,"43":12,"44":1,"45":11,"46":11,"47":11,"48":11,"49":19,"50":19,"51":19,"52":19,"53":11,"54":3,"55":3,"56":3,"57":9,"58":9,"59":3,"60":1,"61":3,"62":1,"63":3,"64":1,"65":2,"66":1,"67":1,"68":1,"69":1,"70":1},"f":{"0":120,"1":60,"2":8,"3":12,"4":3,"5":3,"6":1},"b":{"0":[74,46],"1":[28,32],"2":[3,5],"3":[3,16],"4":[16,3],"5":[1,11],"6":[3,8],"7":[1,2],"8":[3,3],"9":[1,2],"10":[3,3],"11":[1,0],"12":[1,1]},"_coverageSchema":"1a1c01bbd47fc00a2c39e90264f33305004495a9","hash":"f3f0b5b87fc816530a8c8de440b11fb86d726361","contentHash":"f86c6e07053d732c99ccef8fef3e1c64143c2574c250216597a7f4554ff32af0"}
}
